ERROR 2019-05-22 22:41:11.137 [LoggingFailureAnalysisReporter.java:42] 

***************************
APPLICATION FAILED TO START
***************************

Description:

The bean 'pageHelperProperties', defined in class path resource [com/github/pagehelper/autoconfigure/PageHelperAutoConfiguration.class], could not be registered. A bean with that name has already been defined in class path resource [com/overstar/product_service/config/InterceptorConfig.class] and overriding is disabled.

Action:

Consider renaming one of the beans or enabling overriding by setting spring.main.allow-bean-definition-overriding=true
 
ERROR 2019-05-22 22:41:54.046 [LoggingFailureAnalysisReporter.java:42] 

***************************
APPLICATION FAILED TO START
***************************

Description:

The bean 'pageHelperProperties', defined in class path resource [com/github/pagehelper/autoconfigure/PageHelperAutoConfiguration.class], could not be registered. A bean with that name has already been defined in class path resource [com/overstar/product_service/config/InterceptorConfig.class] and overriding is disabled.

Action:

Consider renaming one of the beans or enabling overriding by setting spring.main.allow-bean-definition-overriding=true
 
ERROR 2019-05-22 22:42:20.425 [LoggingFailureAnalysisReporter.java:42] 

***************************
APPLICATION FAILED TO START
***************************

Description:

The bean 'pageHelperProperties', defined in class path resource [com/github/pagehelper/autoconfigure/PageHelperAutoConfiguration.class], could not be registered. A bean with that name has already been defined in class path resource [com/overstar/product_service/config/InterceptorConfig.class] and overriding is disabled.

Action:

Consider renaming one of the beans or enabling overriding by setting spring.main.allow-bean-definition-overriding=true
 
ERROR 2019-05-22 22:45:25.561 [LoggingFailureAnalysisReporter.java:42] 

***************************
APPLICATION FAILED TO START
***************************

Description:

The bean 'pageHelperProperties', defined in class path resource [com/github/pagehelper/autoconfigure/PageHelperAutoConfiguration.class], could not be registered. A bean with that name has already been defined in class path resource [com/overstar/product_service/config/InterceptorConfig.class] and overriding is disabled.

Action:

Consider renaming one of the beans or enabling overriding by setting spring.main.allow-bean-definition-overriding=true
 
ERROR 2019-05-22 22:46:49.656 [LoggingFailureAnalysisReporter.java:42] 

***************************
APPLICATION FAILED TO START
***************************

Description:

The bean 'pageHelperProperties', defined in class path resource [com/github/pagehelper/autoconfigure/PageHelperAutoConfiguration.class], could not be registered. A bean with that name has already been defined in class path resource [com/overstar/product_service/config/InterceptorConfig.class] and overriding is disabled.

Action:

Consider renaming one of the beans or enabling overriding by setting spring.main.allow-bean-definition-overriding=true
 
ERROR 2019-05-22 22:47:11.039 [LoggingFailureAnalysisReporter.java:42] 

***************************
APPLICATION FAILED TO START
***************************

Description:

The bean 'pageHelperProperties', defined in class path resource [com/github/pagehelper/autoconfigure/PageHelperAutoConfiguration.class], could not be registered. A bean with that name has already been defined in class path resource [com/overstar/product_service/config/InterceptorConfig.class] and overriding is disabled.

Action:

Consider renaming one of the beans or enabling overriding by setting spring.main.allow-bean-definition-overriding=true
 
ERROR 2019-05-22 22:47:46.571 [LoggingFailureAnalysisReporter.java:42] 

***************************
APPLICATION FAILED TO START
***************************

Description:

The bean 'pageHelperProperties', defined in class path resource [com/github/pagehelper/autoconfigure/PageHelperAutoConfiguration.class], could not be registered. A bean with that name has already been defined in class path resource [com/overstar/product_service/config/InterceptorConfig.class] and overriding is disabled.

Action:

Consider renaming one of the beans or enabling overriding by setting spring.main.allow-bean-definition-overriding=true
 
ERROR 2019-05-22 22:52:41.709 [LoggingFailureAnalysisReporter.java:42] 

***************************
APPLICATION FAILED TO START
***************************

Description:

The bean 'pageHelperProperties', defined in class path resource [com/github/pagehelper/autoconfigure/PageHelperAutoConfiguration.class], could not be registered. A bean with that name has already been defined in class path resource [com/overstar/product_service/config/InterceptorConfig.class] and overriding is disabled.

Action:

Consider renaming one of the beans or enabling overriding by setting spring.main.allow-bean-definition-overriding=true
 
ERROR 2019-05-22 22:53:44.547 [LoggingFailureAnalysisReporter.java:42] 

***************************
APPLICATION FAILED TO START
***************************

Description:

The bean 'pageHelperProperties', defined in class path resource [com/github/pagehelper/autoconfigure/PageHelperAutoConfiguration.class], could not be registered. A bean with that name has already been defined in class path resource [com/overstar/product_service/config/InterceptorConfig.class] and overriding is disabled.

Action:

Consider renaming one of the beans or enabling overriding by setting spring.main.allow-bean-definition-overriding=true
 
ERROR 2019-05-22 22:54:46.780 [SpringApplication.java:858] Application run failed 
org.springframework.beans.factory.BeanCreationException: Error creating bean with name 'com.alibaba.dubbo.config.ProviderConfig': Error setting property values; nested exception is org.springframework.beans.PropertyBatchUpdateException; nested PropertyAccessExceptions (1) are:
PropertyAccessException 1: org.springframework.beans.MethodInvocationException: Property 'filter' threw exception; nested exception is java.lang.IllegalStateException: No such extension dubboServer for filter/com.alibaba.dubbo.rpc.Filter
	at org.springframework.beans.factory.support.AbstractAutowireCapableBeanFactory.applyPropertyValues(AbstractAutowireCapableBeanFactory.java:1718)
	at org.springframework.beans.factory.support.AbstractAutowireCapableBeanFactory.populateBean(AbstractAutowireCapableBeanFactory.java:1433)
	at org.springframework.beans.factory.support.AbstractAutowireCapableBeanFactory.doCreateBean(AbstractAutowireCapableBeanFactory.java:592)
	at org.springframework.beans.factory.support.AbstractAutowireCapableBeanFactory.createBean(AbstractAutowireCapableBeanFactory.java:515)
	at org.springframework.beans.factory.support.AbstractBeanFactory.lambda$doGetBean$0(AbstractBeanFactory.java:320)
	at org.springframework.beans.factory.support.DefaultSingletonBeanRegistry.getSingleton(DefaultSingletonBeanRegistry.java:222)
	at org.springframework.beans.factory.support.AbstractBeanFactory.doGetBean(AbstractBeanFactory.java:318)
	at org.springframework.beans.factory.support.AbstractBeanFactory.getBean(AbstractBeanFactory.java:199)
	at org.springframework.beans.factory.support.DefaultListableBeanFactory.preInstantiateSingletons(DefaultListableBeanFactory.java:843)
	at org.springframework.context.support.AbstractApplicationContext.finishBeanFactoryInitialization(AbstractApplicationContext.java:877)
	at org.springframework.context.support.AbstractApplicationContext.refresh(AbstractApplicationContext.java:549)
	at org.springframework.boot.web.servlet.context.ServletWebServerApplicationContext.refresh(ServletWebServerApplicationContext.java:142)
	at org.springframework.boot.SpringApplication.refresh(SpringApplication.java:775)
	at org.springframework.boot.SpringApplication.refreshContext(SpringApplication.java:397)
	at org.springframework.boot.SpringApplication.run(SpringApplication.java:316)
	at org.springframework.boot.SpringApplication.run(SpringApplication.java:1260)
	at org.springframework.boot.SpringApplication.run(SpringApplication.java:1248)
	at com.overstar.product_service.ProductServiceApplication.main(ProductServiceApplication.java:24)
Caused by: org.springframework.beans.PropertyBatchUpdateException; nested PropertyAccessExceptions (1) are:
PropertyAccessException 1: org.springframework.beans.MethodInvocationException: Property 'filter' threw exception; nested exception is java.lang.IllegalStateException: No such extension dubboServer for filter/com.alibaba.dubbo.rpc.Filter
	at org.springframework.beans.AbstractPropertyAccessor.setPropertyValues(AbstractPropertyAccessor.java:122)
	at org.springframework.beans.AbstractPropertyAccessor.setPropertyValues(AbstractPropertyAccessor.java:77)
	at org.springframework.beans.factory.support.AbstractAutowireCapableBeanFactory.applyPropertyValues(AbstractAutowireCapableBeanFactory.java:1714)
	... 17 more
ERROR 2019-05-22 22:55:17.027 [SpringApplication.java:858] Application run failed 
org.springframework.beans.factory.BeanCreationException: Error creating bean with name 'com.alibaba.dubbo.config.ProviderConfig': Error setting property values; nested exception is org.springframework.beans.PropertyBatchUpdateException; nested PropertyAccessExceptions (1) are:
PropertyAccessException 1: org.springframework.beans.MethodInvocationException: Property 'filter' threw exception; nested exception is java.lang.IllegalStateException: No such extension dubboServer for filter/com.alibaba.dubbo.rpc.Filter
	at org.springframework.beans.factory.support.AbstractAutowireCapableBeanFactory.applyPropertyValues(AbstractAutowireCapableBeanFactory.java:1718)
	at org.springframework.beans.factory.support.AbstractAutowireCapableBeanFactory.populateBean(AbstractAutowireCapableBeanFactory.java:1433)
	at org.springframework.beans.factory.support.AbstractAutowireCapableBeanFactory.doCreateBean(AbstractAutowireCapableBeanFactory.java:592)
	at org.springframework.beans.factory.support.AbstractAutowireCapableBeanFactory.createBean(AbstractAutowireCapableBeanFactory.java:515)
	at org.springframework.beans.factory.support.AbstractBeanFactory.lambda$doGetBean$0(AbstractBeanFactory.java:320)
	at org.springframework.beans.factory.support.DefaultSingletonBeanRegistry.getSingleton(DefaultSingletonBeanRegistry.java:222)
	at org.springframework.beans.factory.support.AbstractBeanFactory.doGetBean(AbstractBeanFactory.java:318)
	at org.springframework.beans.factory.support.AbstractBeanFactory.getBean(AbstractBeanFactory.java:199)
	at org.springframework.beans.factory.support.DefaultListableBeanFactory.preInstantiateSingletons(DefaultListableBeanFactory.java:843)
	at org.springframework.context.support.AbstractApplicationContext.finishBeanFactoryInitialization(AbstractApplicationContext.java:877)
	at org.springframework.context.support.AbstractApplicationContext.refresh(AbstractApplicationContext.java:549)
	at org.springframework.boot.web.servlet.context.ServletWebServerApplicationContext.refresh(ServletWebServerApplicationContext.java:142)
	at org.springframework.boot.SpringApplication.refresh(SpringApplication.java:775)
	at org.springframework.boot.SpringApplication.refreshContext(SpringApplication.java:397)
	at org.springframework.boot.SpringApplication.run(SpringApplication.java:316)
	at org.springframework.boot.SpringApplication.run(SpringApplication.java:1260)
	at org.springframework.boot.SpringApplication.run(SpringApplication.java:1248)
	at com.overstar.product_service.ProductServiceApplication.main(ProductServiceApplication.java:24)
Caused by: org.springframework.beans.PropertyBatchUpdateException; nested PropertyAccessExceptions (1) are:
PropertyAccessException 1: org.springframework.beans.MethodInvocationException: Property 'filter' threw exception; nested exception is java.lang.IllegalStateException: No such extension dubboServer for filter/com.alibaba.dubbo.rpc.Filter
	at org.springframework.beans.AbstractPropertyAccessor.setPropertyValues(AbstractPropertyAccessor.java:122)
	at org.springframework.beans.AbstractPropertyAccessor.setPropertyValues(AbstractPropertyAccessor.java:77)
	at org.springframework.beans.factory.support.AbstractAutowireCapableBeanFactory.applyPropertyValues(AbstractAutowireCapableBeanFactory.java:1714)
	... 17 more
ERROR 2019-05-22 22:55:36.452 [SpringApplication.java:858] Application run failed 
org.springframework.beans.factory.BeanCreationException: Error creating bean with name 'com.alibaba.dubbo.config.ProviderConfig': Error setting property values; nested exception is org.springframework.beans.PropertyBatchUpdateException; nested PropertyAccessExceptions (1) are:
PropertyAccessException 1: org.springframework.beans.MethodInvocationException: Property 'filter' threw exception; nested exception is java.lang.IllegalStateException: No such extension dubboServer for filter/com.alibaba.dubbo.rpc.Filter
	at org.springframework.beans.factory.support.AbstractAutowireCapableBeanFactory.applyPropertyValues(AbstractAutowireCapableBeanFactory.java:1718)
	at org.springframework.beans.factory.support.AbstractAutowireCapableBeanFactory.populateBean(AbstractAutowireCapableBeanFactory.java:1433)
	at org.springframework.beans.factory.support.AbstractAutowireCapableBeanFactory.doCreateBean(AbstractAutowireCapableBeanFactory.java:592)
	at org.springframework.beans.factory.support.AbstractAutowireCapableBeanFactory.createBean(AbstractAutowireCapableBeanFactory.java:515)
	at org.springframework.beans.factory.support.AbstractBeanFactory.lambda$doGetBean$0(AbstractBeanFactory.java:320)
	at org.springframework.beans.factory.support.DefaultSingletonBeanRegistry.getSingleton(DefaultSingletonBeanRegistry.java:222)
	at org.springframework.beans.factory.support.AbstractBeanFactory.doGetBean(AbstractBeanFactory.java:318)
	at org.springframework.beans.factory.support.AbstractBeanFactory.getBean(AbstractBeanFactory.java:199)
	at org.springframework.beans.factory.support.DefaultListableBeanFactory.preInstantiateSingletons(DefaultListableBeanFactory.java:843)
	at org.springframework.context.support.AbstractApplicationContext.finishBeanFactoryInitialization(AbstractApplicationContext.java:877)
	at org.springframework.context.support.AbstractApplicationContext.refresh(AbstractApplicationContext.java:549)
	at org.springframework.boot.web.servlet.context.ServletWebServerApplicationContext.refresh(ServletWebServerApplicationContext.java:142)
	at org.springframework.boot.SpringApplication.refresh(SpringApplication.java:775)
	at org.springframework.boot.SpringApplication.refreshContext(SpringApplication.java:397)
	at org.springframework.boot.SpringApplication.run(SpringApplication.java:316)
	at org.springframework.boot.SpringApplication.run(SpringApplication.java:1260)
	at org.springframework.boot.SpringApplication.run(SpringApplication.java:1248)
	at com.overstar.product_service.ProductServiceApplication.main(ProductServiceApplication.java:24)
Caused by: org.springframework.beans.PropertyBatchUpdateException; nested PropertyAccessExceptions (1) are:
PropertyAccessException 1: org.springframework.beans.MethodInvocationException: Property 'filter' threw exception; nested exception is java.lang.IllegalStateException: No such extension dubboServer for filter/com.alibaba.dubbo.rpc.Filter
	at org.springframework.beans.AbstractPropertyAccessor.setPropertyValues(AbstractPropertyAccessor.java:122)
	at org.springframework.beans.AbstractPropertyAccessor.setPropertyValues(AbstractPropertyAccessor.java:77)
	at org.springframework.beans.factory.support.AbstractAutowireCapableBeanFactory.applyPropertyValues(AbstractAutowireCapableBeanFactory.java:1714)
	... 17 more
ERROR 2019-05-22 23:03:01.585 [SpringApplication.java:858] Application run failed 
org.springframework.beans.factory.BeanCreationException: Error creating bean with name 'com.alibaba.dubbo.config.ProviderConfig': Error setting property values; nested exception is org.springframework.beans.PropertyBatchUpdateException; nested PropertyAccessExceptions (1) are:
PropertyAccessException 1: org.springframework.beans.MethodInvocationException: Property 'filter' threw exception; nested exception is java.lang.IllegalStateException: No such extension dubboServer for filter/com.alibaba.dubbo.rpc.Filter
	at org.springframework.beans.factory.support.AbstractAutowireCapableBeanFactory.applyPropertyValues(AbstractAutowireCapableBeanFactory.java:1718)
	at org.springframework.beans.factory.support.AbstractAutowireCapableBeanFactory.populateBean(AbstractAutowireCapableBeanFactory.java:1433)
	at org.springframework.beans.factory.support.AbstractAutowireCapableBeanFactory.doCreateBean(AbstractAutowireCapableBeanFactory.java:592)
	at org.springframework.beans.factory.support.AbstractAutowireCapableBeanFactory.createBean(AbstractAutowireCapableBeanFactory.java:515)
	at org.springframework.beans.factory.support.AbstractBeanFactory.lambda$doGetBean$0(AbstractBeanFactory.java:320)
	at org.springframework.beans.factory.support.DefaultSingletonBeanRegistry.getSingleton(DefaultSingletonBeanRegistry.java:222)
	at org.springframework.beans.factory.support.AbstractBeanFactory.doGetBean(AbstractBeanFactory.java:318)
	at org.springframework.beans.factory.support.AbstractBeanFactory.getBean(AbstractBeanFactory.java:199)
	at org.springframework.beans.factory.support.DefaultListableBeanFactory.preInstantiateSingletons(DefaultListableBeanFactory.java:843)
	at org.springframework.context.support.AbstractApplicationContext.finishBeanFactoryInitialization(AbstractApplicationContext.java:877)
	at org.springframework.context.support.AbstractApplicationContext.refresh(AbstractApplicationContext.java:549)
	at org.springframework.boot.web.servlet.context.ServletWebServerApplicationContext.refresh(ServletWebServerApplicationContext.java:142)
	at org.springframework.boot.SpringApplication.refresh(SpringApplication.java:775)
	at org.springframework.boot.SpringApplication.refreshContext(SpringApplication.java:397)
	at org.springframework.boot.SpringApplication.run(SpringApplication.java:316)
	at org.springframework.boot.SpringApplication.run(SpringApplication.java:1260)
	at org.springframework.boot.SpringApplication.run(SpringApplication.java:1248)
	at com.overstar.product_service.ProductServiceApplication.main(ProductServiceApplication.java:24)
Caused by: org.springframework.beans.PropertyBatchUpdateException; nested PropertyAccessExceptions (1) are:
PropertyAccessException 1: org.springframework.beans.MethodInvocationException: Property 'filter' threw exception; nested exception is java.lang.IllegalStateException: No such extension dubboServer for filter/com.alibaba.dubbo.rpc.Filter
	at org.springframework.beans.AbstractPropertyAccessor.setPropertyValues(AbstractPropertyAccessor.java:122)
	at org.springframework.beans.AbstractPropertyAccessor.setPropertyValues(AbstractPropertyAccessor.java:77)
	at org.springframework.beans.factory.support.AbstractAutowireCapableBeanFactory.applyPropertyValues(AbstractAutowireCapableBeanFactory.java:1714)
	... 17 more
ERROR 2019-05-22 23:06:58.921 [SpringApplication.java:858] Application run failed 
org.springframework.beans.factory.BeanCreationException: Error creating bean with name 'com.alibaba.dubbo.config.ProviderConfig': Error setting property values; nested exception is org.springframework.beans.PropertyBatchUpdateException; nested PropertyAccessExceptions (1) are:
PropertyAccessException 1: org.springframework.beans.MethodInvocationException: Property 'filter' threw exception; nested exception is java.lang.IllegalStateException: No such extension dubboServer for filter/com.alibaba.dubbo.rpc.Filter
	at org.springframework.beans.factory.support.AbstractAutowireCapableBeanFactory.applyPropertyValues(AbstractAutowireCapableBeanFactory.java:1718)
	at org.springframework.beans.factory.support.AbstractAutowireCapableBeanFactory.populateBean(AbstractAutowireCapableBeanFactory.java:1433)
	at org.springframework.beans.factory.support.AbstractAutowireCapableBeanFactory.doCreateBean(AbstractAutowireCapableBeanFactory.java:592)
	at org.springframework.beans.factory.support.AbstractAutowireCapableBeanFactory.createBean(AbstractAutowireCapableBeanFactory.java:515)
	at org.springframework.beans.factory.support.AbstractBeanFactory.lambda$doGetBean$0(AbstractBeanFactory.java:320)
	at org.springframework.beans.factory.support.DefaultSingletonBeanRegistry.getSingleton(DefaultSingletonBeanRegistry.java:222)
	at org.springframework.beans.factory.support.AbstractBeanFactory.doGetBean(AbstractBeanFactory.java:318)
	at org.springframework.beans.factory.support.AbstractBeanFactory.getBean(AbstractBeanFactory.java:199)
	at org.springframework.beans.factory.support.DefaultListableBeanFactory.preInstantiateSingletons(DefaultListableBeanFactory.java:843)
	at org.springframework.context.support.AbstractApplicationContext.finishBeanFactoryInitialization(AbstractApplicationContext.java:877)
	at org.springframework.context.support.AbstractApplicationContext.refresh(AbstractApplicationContext.java:549)
	at org.springframework.boot.web.servlet.context.ServletWebServerApplicationContext.refresh(ServletWebServerApplicationContext.java:142)
	at org.springframework.boot.SpringApplication.refresh(SpringApplication.java:775)
	at org.springframework.boot.SpringApplication.refreshContext(SpringApplication.java:397)
	at org.springframework.boot.SpringApplication.run(SpringApplication.java:316)
	at org.springframework.boot.SpringApplication.run(SpringApplication.java:1260)
	at org.springframework.boot.SpringApplication.run(SpringApplication.java:1248)
	at com.overstar.product_service.ProductServiceApplication.main(ProductServiceApplication.java:24)
Caused by: org.springframework.beans.PropertyBatchUpdateException; nested PropertyAccessExceptions (1) are:
PropertyAccessException 1: org.springframework.beans.MethodInvocationException: Property 'filter' threw exception; nested exception is java.lang.IllegalStateException: No such extension dubboServer for filter/com.alibaba.dubbo.rpc.Filter
	at org.springframework.beans.AbstractPropertyAccessor.setPropertyValues(AbstractPropertyAccessor.java:122)
	at org.springframework.beans.AbstractPropertyAccessor.setPropertyValues(AbstractPropertyAccessor.java:77)
	at org.springframework.beans.factory.support.AbstractAutowireCapableBeanFactory.applyPropertyValues(AbstractAutowireCapableBeanFactory.java:1714)
	... 17 more
ERROR 2019-05-22 23:15:48.288 [SpringApplication.java:858] Application run failed 
org.springframework.beans.factory.BeanCreationException: Error creating bean with name 'com.alibaba.dubbo.config.ProviderConfig': Error setting property values; nested exception is org.springframework.beans.PropertyBatchUpdateException; nested PropertyAccessExceptions (1) are:
PropertyAccessException 1: org.springframework.beans.MethodInvocationException: Property 'filter' threw exception; nested exception is java.lang.IllegalStateException: No such extension dubboServer for filter/com.alibaba.dubbo.rpc.Filter
	at org.springframework.beans.factory.support.AbstractAutowireCapableBeanFactory.applyPropertyValues(AbstractAutowireCapableBeanFactory.java:1718)
	at org.springframework.beans.factory.support.AbstractAutowireCapableBeanFactory.populateBean(AbstractAutowireCapableBeanFactory.java:1433)
	at org.springframework.beans.factory.support.AbstractAutowireCapableBeanFactory.doCreateBean(AbstractAutowireCapableBeanFactory.java:592)
	at org.springframework.beans.factory.support.AbstractAutowireCapableBeanFactory.createBean(AbstractAutowireCapableBeanFactory.java:515)
	at org.springframework.beans.factory.support.AbstractBeanFactory.lambda$doGetBean$0(AbstractBeanFactory.java:320)
	at org.springframework.beans.factory.support.DefaultSingletonBeanRegistry.getSingleton(DefaultSingletonBeanRegistry.java:222)
	at org.springframework.beans.factory.support.AbstractBeanFactory.doGetBean(AbstractBeanFactory.java:318)
	at org.springframework.beans.factory.support.AbstractBeanFactory.getBean(AbstractBeanFactory.java:199)
	at org.springframework.beans.factory.support.DefaultListableBeanFactory.preInstantiateSingletons(DefaultListableBeanFactory.java:843)
	at org.springframework.context.support.AbstractApplicationContext.finishBeanFactoryInitialization(AbstractApplicationContext.java:877)
	at org.springframework.context.support.AbstractApplicationContext.refresh(AbstractApplicationContext.java:549)
	at org.springframework.boot.web.servlet.context.ServletWebServerApplicationContext.refresh(ServletWebServerApplicationContext.java:142)
	at org.springframework.boot.SpringApplication.refresh(SpringApplication.java:775)
	at org.springframework.boot.SpringApplication.refreshContext(SpringApplication.java:397)
	at org.springframework.boot.SpringApplication.run(SpringApplication.java:316)
	at org.springframework.boot.SpringApplication.run(SpringApplication.java:1260)
	at org.springframework.boot.SpringApplication.run(SpringApplication.java:1248)
	at com.overstar.product_service.ProductServiceApplication.main(ProductServiceApplication.java:24)
Caused by: org.springframework.beans.PropertyBatchUpdateException; nested PropertyAccessExceptions (1) are:
PropertyAccessException 1: org.springframework.beans.MethodInvocationException: Property 'filter' threw exception; nested exception is java.lang.IllegalStateException: No such extension dubboServer for filter/com.alibaba.dubbo.rpc.Filter
	at org.springframework.beans.AbstractPropertyAccessor.setPropertyValues(AbstractPropertyAccessor.java:122)
	at org.springframework.beans.AbstractPropertyAccessor.setPropertyValues(AbstractPropertyAccessor.java:77)
	at org.springframework.beans.factory.support.AbstractAutowireCapableBeanFactory.applyPropertyValues(AbstractAutowireCapableBeanFactory.java:1714)
	... 17 more
ERROR 2019-05-23 16:31:55.943 [FailbackRegistry.java:175]  [DUBBO] Failed to uregister dubbo://192.168.0.143:20880/com.overstar.product_export.service.IProductQueryService?anyhost=true&application=service-product&default.retries=0&default.service.filter=dubboServer&dubbo=2.5.3&group=product&interface=com.overstar.product_export.service.IProductQueryService&methods=*&pid=13804&revision=0.0.1&side=provider&timestamp=1558598306414&version=0.0.1, waiting for retry, cause: Failed to unregister dubbo://192.168.0.143:20880/com.overstar.product_export.service.IProductQueryService?anyhost=true&application=service-product&default.retries=0&default.service.filter=dubboServer&dubbo=2.5.3&group=product&interface=com.overstar.product_export.service.IProductQueryService&methods=*&pid=13804&revision=0.0.1&side=provider&timestamp=1558598306414&version=0.0.1 to zookeeper zookeeper://localhost:2181/com.alibaba.dubbo.registry.RegistryService?application=service-product&check=false&dubbo=2.5.3&interface=com.alibaba.dubbo.registry.RegistryService&pid=13804&timestamp=1558598306205, cause: ZkClient already closed!, dubbo version: 2.5.3, current host: 127.0.0.1 
com.alibaba.dubbo.rpc.RpcException: Failed to unregister dubbo://192.168.0.143:20880/com.overstar.product_export.service.IProductQueryService?anyhost=true&application=service-product&default.retries=0&default.service.filter=dubboServer&dubbo=2.5.3&group=product&interface=com.overstar.product_export.service.IProductQueryService&methods=*&pid=13804&revision=0.0.1&side=provider&timestamp=1558598306414&version=0.0.1 to zookeeper zookeeper://localhost:2181/com.alibaba.dubbo.registry.RegistryService?application=service-product&check=false&dubbo=2.5.3&interface=com.alibaba.dubbo.registry.RegistryService&pid=13804&timestamp=1558598306205, cause: ZkClient already closed!
	at com.alibaba.dubbo.registry.zookeeper.ZookeeperRegistry.doUnregister(ZookeeperRegistry.java:110)
	at com.alibaba.dubbo.registry.support.FailbackRegistry.unregister(FailbackRegistry.java:160)
	at com.alibaba.dubbo.registry.integration.RegistryProtocol$1.unexport(RegistryProtocol.java:130)
	at com.alibaba.dubbo.config.ServiceConfig.unexport(ServiceConfig.java:267)
	at com.alibaba.dubbo.config.spring.ServiceBean.destroy(ServiceBean.java:255)
	at org.springframework.beans.factory.support.DisposableBeanAdapter.destroy(DisposableBeanAdapter.java:256)
	at org.springframework.beans.factory.support.DefaultSingletonBeanRegistry.destroyBean(DefaultSingletonBeanRegistry.java:571)
	at org.springframework.beans.factory.support.DefaultSingletonBeanRegistry.destroySingleton(DefaultSingletonBeanRegistry.java:543)
	at org.springframework.beans.factory.support.DefaultListableBeanFactory.destroySingleton(DefaultListableBeanFactory.java:1034)
	at org.springframework.beans.factory.support.DefaultSingletonBeanRegistry.destroySingletons(DefaultSingletonBeanRegistry.java:504)
	at org.springframework.beans.factory.support.DefaultListableBeanFactory.destroySingletons(DefaultListableBeanFactory.java:1027)
	at org.springframework.context.support.AbstractApplicationContext.destroyBeans(AbstractApplicationContext.java:1057)
	at org.springframework.context.support.AbstractApplicationContext.doClose(AbstractApplicationContext.java:1026)
	at org.springframework.context.support.AbstractApplicationContext$1.run(AbstractApplicationContext.java:945)
Caused by: java.lang.IllegalStateException: ZkClient already closed!
	at org.I0Itec.zkclient.ZkClient.retryUntilConnected(ZkClient.java:988)
	at org.I0Itec.zkclient.ZkClient.delete(ZkClient.java:1048)
	at org.I0Itec.zkclient.ZkClient.delete(ZkClient.java:1043)
	at com.alibaba.dubbo.remoting.zookeeper.zkclient.ZkclientZookeeperClient.delete(ZkclientZookeeperClient.java:57)
	at com.alibaba.dubbo.registry.zookeeper.ZookeeperRegistry.doUnregister(ZookeeperRegistry.java:108)
	... 13 more
ERROR 2019-05-23 16:31:55.974 [FailbackRegistry.java:175]  [DUBBO] Failed to uregister dubbo://192.168.0.143:20880/com.overstar.product_export.service.IProductPriceService?anyhost=true&application=service-product&default.retries=0&default.service.filter=dubboServer&dubbo=2.5.3&group=product&interface=com.overstar.product_export.service.IProductPriceService&methods=*&pid=13804&revision=0.0.1&side=provider&timestamp=1558598306209&version=0.0.1, waiting for retry, cause: Failed to unregister dubbo://192.168.0.143:20880/com.overstar.product_export.service.IProductPriceService?anyhost=true&application=service-product&default.retries=0&default.service.filter=dubboServer&dubbo=2.5.3&group=product&interface=com.overstar.product_export.service.IProductPriceService&methods=*&pid=13804&revision=0.0.1&side=provider&timestamp=1558598306209&version=0.0.1 to zookeeper zookeeper://localhost:2181/com.alibaba.dubbo.registry.RegistryService?application=service-product&check=false&dubbo=2.5.3&interface=com.alibaba.dubbo.registry.RegistryService&pid=13804&timestamp=1558598306205, cause: ZkClient already closed!, dubbo version: 2.5.3, current host: 127.0.0.1 
com.alibaba.dubbo.rpc.RpcException: Failed to unregister dubbo://192.168.0.143:20880/com.overstar.product_export.service.IProductPriceService?anyhost=true&application=service-product&default.retries=0&default.service.filter=dubboServer&dubbo=2.5.3&group=product&interface=com.overstar.product_export.service.IProductPriceService&methods=*&pid=13804&revision=0.0.1&side=provider&timestamp=1558598306209&version=0.0.1 to zookeeper zookeeper://localhost:2181/com.alibaba.dubbo.registry.RegistryService?application=service-product&check=false&dubbo=2.5.3&interface=com.alibaba.dubbo.registry.RegistryService&pid=13804&timestamp=1558598306205, cause: ZkClient already closed!
	at com.alibaba.dubbo.registry.zookeeper.ZookeeperRegistry.doUnregister(ZookeeperRegistry.java:110)
	at com.alibaba.dubbo.registry.support.FailbackRegistry.unregister(FailbackRegistry.java:160)
	at com.alibaba.dubbo.registry.integration.RegistryProtocol$1.unexport(RegistryProtocol.java:130)
	at com.alibaba.dubbo.config.ServiceConfig.unexport(ServiceConfig.java:267)
	at com.alibaba.dubbo.config.spring.ServiceBean.destroy(ServiceBean.java:255)
	at org.springframework.beans.factory.support.DisposableBeanAdapter.destroy(DisposableBeanAdapter.java:256)
	at org.springframework.beans.factory.support.DefaultSingletonBeanRegistry.destroyBean(DefaultSingletonBeanRegistry.java:571)
	at org.springframework.beans.factory.support.DefaultSingletonBeanRegistry.destroySingleton(DefaultSingletonBeanRegistry.java:543)
	at org.springframework.beans.factory.support.DefaultListableBeanFactory.destroySingleton(DefaultListableBeanFactory.java:1034)
	at org.springframework.beans.factory.support.DefaultSingletonBeanRegistry.destroySingletons(DefaultSingletonBeanRegistry.java:504)
	at org.springframework.beans.factory.support.DefaultListableBeanFactory.destroySingletons(DefaultListableBeanFactory.java:1027)
	at org.springframework.context.support.AbstractApplicationContext.destroyBeans(AbstractApplicationContext.java:1057)
	at org.springframework.context.support.AbstractApplicationContext.doClose(AbstractApplicationContext.java:1026)
	at org.springframework.context.support.AbstractApplicationContext$1.run(AbstractApplicationContext.java:945)
Caused by: java.lang.IllegalStateException: ZkClient already closed!
	at org.I0Itec.zkclient.ZkClient.retryUntilConnected(ZkClient.java:988)
	at org.I0Itec.zkclient.ZkClient.delete(ZkClient.java:1048)
	at org.I0Itec.zkclient.ZkClient.delete(ZkClient.java:1043)
	at com.alibaba.dubbo.remoting.zookeeper.zkclient.ZkclientZookeeperClient.delete(ZkclientZookeeperClient.java:57)
	at com.alibaba.dubbo.registry.zookeeper.ZookeeperRegistry.doUnregister(ZookeeperRegistry.java:108)
	... 13 more
